\BOOKMARK [0][-]{chapter*.2}{\376\377\004\022\004\062\004\065\004\064\004\065\004\075\004\070\004\065}{}% 1
\BOOKMARK [0][-]{chapter.1}{\376\377\004\020\004\075\004\060\004\073\004\070\004\102\004\070\004\107\004\065\004\101\004\072\004\060\004\117\000\040\004\107\004\060\004\101\004\102\004\114}{}% 2
\BOOKMARK [1][-]{section.1.1}{\376\377\004\042\004\065\004\072\004\101\004\102\004\103\004\100\004\060\000,\000\040\004\072\004\060\004\072\000\040\004\105\004\060\004\100\004\060\004\072\004\102\004\065\004\100\004\070\004\101\004\102\004\070\004\072\004\060\000\040\004\077\004\076\004\062\004\065\004\100\004\105\004\075\004\076\004\101\004\102\004\070\000\040\004\102\004\100\004\065\004\105\004\074\004\065\004\100\004\075\004\076\004\063\004\076\000\040\004\102\004\065\004\073\004\060}{chapter.1}% 3
\BOOKMARK [1][-]{section.1.2}{\376\377\004\036\004\077\004\070\004\101\004\060\004\075\004\070\004\065\000\040\004\074\004\065\004\102\004\076\004\064\004\060\000\040\004\062\004\075\004\065\004\101\004\065\004\075\004\070\004\117\000\040\004\062\004\076\004\067\004\074\004\103\004\111\004\065\004\075\004\070\004\071\000\040\004\062\000\040\004\075\004\076\004\100\004\074\004\060\004\073\004\114}{chapter.1}% 4
\BOOKMARK [1][-]{section.1.3}{\376\377\004\042\004\065\004\072\004\101\004\102\004\103\004\100\004\075\004\113\004\065\000\040\004\072\004\060\004\100\004\102\004\113}{chapter.1}% 5
\BOOKMARK [1][-]{section.1.4}{\376\377\004\037\004\100\004\065\004\064\004\101\004\102\004\060\004\062\004\073\004\065\004\075\004\070\004\065\000\040\004\076\004\061\004\112\004\065\004\072\004\102\004\076\004\062}{chapter.1}% 6
\BOOKMARK [1][-]{section.1.5}{\376\377\004\020\004\075\004\060\004\073\004\070\004\067\000\040\004\070\000\040\004\062\004\113\004\061\004\076\004\100\000\040\004\060\004\073\004\063\004\076\004\100\004\070\004\102\004\074\004\060\000\040\004\103\004\064\004\060\004\073\004\065\004\075\004\070\004\117\000\040\004\075\004\065\004\062\004\070\004\064\004\070\004\074\004\113\004\105\000\040\004\073\004\070\004\075\004\070\004\071\000\040\004\070\000\040\004\077\004\076\004\062\004\065\004\100\004\105\004\075\004\076\004\101\004\102\004\065\004\071}{chapter.1}% 7
\BOOKMARK [2][-]{subsection.1.5.1}{\376\377\004\020\004\073\004\063\004\076\004\100\004\070\004\102\004\074\000\040\004\061\004\103\004\104\004\065\004\100\004\060\000\040\004\063\004\073\004\103\004\061\004\070\004\075\004\113}{section.1.5}% 8
\BOOKMARK [2][-]{subsection.1.5.2}{\376\377\004\020\004\073\004\063\004\076\004\100\004\070\004\102\004\074\000\040\004\040\004\076\004\061\004\065\004\100\004\102\004\101\004\060}{section.1.5}% 9
\BOOKMARK [2][-]{subsection.1.5.3}{\376\377\004\020\004\073\004\063\004\076\004\100\004\070\004\102\004\074\000\040\004\076\004\061\004\100\004\060\004\102\004\075\004\076\004\071\000\040\004\102\004\100\004\060\004\101\004\101\004\070\004\100\004\076\004\062\004\072\004\070\000\040\004\073\004\103\004\107\004\065\004\071}{section.1.5}% 10
\BOOKMARK [1][-]{section.1.6}{\376\377\004\022\004\113\004\061\004\076\004\100\000\040\004\074\004\076\004\064\004\065\004\073\004\070\000\040\004\076\004\101\004\062\004\065\004\111\004\065\004\075\004\070\004\117}{chapter.1}% 11
\BOOKMARK [0][-]{chapter.2}{\376\377\004\032\004\076\004\075\004\101\004\102\004\100\004\103\004\072\004\102\004\076\004\100\004\101\004\072\004\060\004\117\000\040\004\107\004\060\004\101\004\102\004\114}{}% 12
\BOOKMARK [1][-]{section.2.1}{\376\377\004\042\004\100\004\065\004\061\004\076\004\062\004\060\004\075\004\070\004\117\000\040\004\072\000\040\004\077\004\100\004\076\004\063\004\100\004\060\004\074\004\074\004\075\004\076\004\074\004\103\000\040\004\076\004\061\004\065\004\101\004\077\004\065\004\107\004\065\004\075\004\070\004\116}{chapter.2}% 13
\BOOKMARK [1][-]{section.2.2}{\376\377\004\036\004\061\004\111\004\070\004\071\000\040\004\060\004\073\004\063\004\076\004\100\004\070\004\102\004\074\000\040\004\100\004\065\004\110\004\065\004\075\004\070\004\117\000\040\004\067\004\060\004\064\004\060\004\107\004\070}{chapter.2}% 14
\BOOKMARK [1][-]{section.2.3}{\376\377\004\042\004\100\004\060\004\101\004\101\004\070\004\100\004\076\004\062\004\072\004\060\000\040\004\073\004\103\004\107\004\065\004\071}{chapter.2}% 15
\BOOKMARK [2][-]{subsection.2.3.1}{\376\377\004\041\004\062\004\065\004\102}{section.2.3}% 16
\BOOKMARK [2][-]{subsection.2.3.2}{\376\377\004\035\004\060\004\061\004\073\004\116\004\064\004\060\004\102\004\065\004\073\004\114\000\040\004\070\000\040\004\101\004\106\004\065\004\075\004\060}{section.2.3}% 17
\BOOKMARK [2][-]{subsection.2.3.3}{\376\377\004\033\004\103\004\107\004\070}{section.2.3}% 18
\BOOKMARK [2][-]{subsection.2.3.4}{\376\377\004\041\004\104\004\065\004\100\004\113}{section.2.3}% 19
\BOOKMARK [2][-]{subsection.2.3.5}{\376\377\004\037\004\065\004\100\004\065\004\101\004\065\004\107\004\065\004\075\004\070\004\065\000\040\004\073\004\103\004\107\004\060\000\040\004\070\000\040\004\101\004\104\004\065\004\100\004\113}{section.2.3}% 20
\BOOKMARK [2][-]{subsection.2.3.6}{\376\377\004\035\004\076\004\100\004\074\004\060\004\073\004\070\000\040\004\101\004\104\004\065\004\100\004\113}{section.2.3}% 21
\BOOKMARK [2][-]{subsection.2.3.7}{\376\377\004\024\004\070\004\104\004\104\004\103\004\067\004\075\004\076\004\065\000\040\004\076\004\102\004\100\004\060\004\066\004\065\004\075\004\070\004\065}{section.2.3}% 22
\BOOKMARK [2][-]{subsection.2.3.8}{\376\377\004\027\004\065\004\100\004\072\004\060\004\073\004\114\004\075\004\076\004\065\000\040\004\076\004\102\004\100\004\060\004\066\004\065\004\075\004\070\004\065}{section.2.3}% 23
\BOOKMARK [2][-]{subsection.2.3.9}{\376\377\004\042\004\065\004\075\004\070}{section.2.3}% 24
\BOOKMARK [2][-]{subsection.2.3.10}{\376\377\004\036\004\102\004\100\004\060\004\066\004\065\004\075\004\070\004\117}{section.2.3}% 25
\BOOKMARK [1][-]{section.2.4}{\376\377\004\041\004\062\004\117\004\067\004\114\000\040\004\100\004\060\004\067\004\073\004\070\004\107\004\075\004\113\004\105\000\040\004\102\004\065\004\072\004\101\004\102\004\103\004\100\004\075\004\113\004\105\000\040\004\072\004\060\004\100\004\102\000\040\004\101\000\040\004\064\004\060\004\075\004\075\004\113\004\074\004\070\000\040\004\076\000\040\004\075\004\076\004\100\004\074\004\060\004\073\004\070}{chapter.2}% 26
\BOOKMARK [2][-]{subsection.2.4.1}{\376\377\004\032\004\060\004\100\004\102\004\113\000\040\004\062\004\113\004\101\004\076\004\102\000\040\000\050\004\060\004\075\004\063\004\073\000.\000\040\000h\000e\000i\000g\000h\000t\000\040\000m\000a\000p\000s\000\051}{section.2.4}% 27
\BOOKMARK [2][-]{subsection.2.4.2}{\376\377\004\032\004\060\004\100\004\102\004\113\000\040\004\075\004\076\004\100\004\074\004\060\004\073\004\065\004\071\000\040\000\050\004\060\004\075\004\063\004\073\000.\000\040\000n\000o\000r\000m\000a\000l\000\040\000m\000a\000p\000s\000\051}{section.2.4}% 28
\BOOKMARK [2][-]{subsection.2.4.3}{\376\377\004\032\004\060\004\100\004\102\004\060\000\040\004\077\004\060\004\100\004\060\004\073\004\073\004\060\004\072\004\102\004\070\004\107\004\065\004\101\004\072\004\076\004\063\004\076\000\040\004\076\004\102\004\076\004\061\004\100\004\060\004\066\004\065\004\075\004\070\004\117\000\040\000\050\004\060\004\075\004\063\004\073\000.\000\040\000p\000a\000r\000a\000l\000l\000a\000x\000\040\000m\000a\000p\000\051}{section.2.4}% 29
\BOOKMARK [1][-]{section.2.5}{\376\377\004\035\004\060\004\073\004\076\004\066\004\065\004\075\004\070\004\065\000\040\004\102\004\065\004\072\004\101\004\102\004\103\004\100\004\113\000\040\004\075\004\060\000\040\004\077\004\076\004\062\004\065\004\100\004\105\004\075\004\076\004\101\004\102\004\114}{chapter.2}% 30
\BOOKMARK [1][-]{section.2.6}{\376\377\004\041\004\105\004\065\004\074\004\060\000\040\004\060\004\073\004\063\004\076\004\100\004\070\004\102\004\074\004\060\000\040\004\102\004\100\004\060\004\101\004\101\004\070\004\100\004\076\004\062\004\072\004\070\000\040\004\073\004\103\004\107\004\060}{chapter.2}% 31
\BOOKMARK [0][-]{chapter.3}{\376\377\004\042\004\065\004\105\004\075\004\076\004\073\004\076\004\063\004\070\004\107\004\065\004\101\004\072\004\060\004\117\000\040\004\107\004\060\004\101\004\102\004\114}{}% 32
\BOOKMARK [1][-]{section.3.1}{\376\377\004\041\004\100\004\065\004\064\004\101\004\102\004\062\004\060\000\040\004\100\004\065\004\060\004\073\004\070\004\067\004\060\004\106\004\070\004\070}{chapter.3}% 33
\BOOKMARK [1][-]{section.3.2}{\376\377\004\024\004\070\004\060\004\063\004\100\004\060\004\074\004\074\004\060\000\040\004\072\004\073\004\060\004\101\004\101\004\076\004\062}{chapter.3}% 34
\BOOKMARK [1][-]{section.3.3}{\376\377\004\040\004\065\004\060\004\073\004\070\004\067\004\060\004\106\004\070\004\117\000\040\004\060\004\073\004\063\004\076\004\100\004\070\004\102\004\074\004\076\004\062}{chapter.3}% 35
\BOOKMARK [1][-]{section.3.4}{\376\377\004\030\004\075\004\102\004\065\004\100\004\104\004\065\004\071\004\101\000\040\004\077\004\100\004\076\004\063\004\100\004\060\004\074\004\074\004\075\004\076\004\063\004\076\000\040\004\076\004\061\004\065\004\101\004\077\004\065\004\107\004\065\004\075\004\070\004\117}{chapter.3}% 36
\BOOKMARK [0][-]{chapter.4}{\376\377\004\030\004\101\004\101\004\073\004\065\004\064\004\076\004\062\004\060\004\102\004\065\004\073\004\114\004\101\004\072\004\060\004\117\000\040\004\107\004\060\004\101\004\102\004\114}{}% 37
\BOOKMARK [1][-]{section.4.1}{\376\377\004\042\004\065\004\105\004\075\004\070\004\107\004\065\004\101\004\072\004\070\004\065\000\040\004\105\004\060\004\100\004\060\004\072\004\102\004\065\004\100\004\070\004\101\004\102\004\070\004\072\004\070}{chapter.4}% 38
\BOOKMARK [1][-]{section.4.2}{\376\377\004\040\004\065\004\067\004\103\004\073\004\114\004\102\004\060\004\102\004\113\000\040\004\100\004\060\004\061\004\076\004\102\004\113\000\040\004\037\004\036}{chapter.4}% 39
\BOOKMARK [1][-]{section.4.3}{\376\377\004\020\004\075\004\060\004\073\004\070\004\067\000\040\004\075\004\060\004\073\004\076\004\066\004\065\004\075\004\070\004\117\000\040\004\102\004\065\004\072\004\101\004\102\004\103\004\100}{chapter.4}% 40
\BOOKMARK [1][-]{section.4.4}{\376\377\004\020\004\075\004\060\004\073\004\070\004\067\000\040\004\077\004\100\004\076\004\070\004\067\004\062\004\076\004\064\004\070\004\102\004\065\004\073\004\114\004\075\004\076\004\101\004\102\004\070}{chapter.4}% 41
\BOOKMARK [0][-]{Item.22}{\376\377\004\041\004\077\004\070\004\101\004\076\004\072\000\040\004\070\004\101\004\077\004\076\004\073\004\114\004\067\004\076\004\062\004\060\004\075\004\075\004\113\004\105\000\040\004\070\004\101\004\102\004\076\004\107\004\075\004\070\004\072\004\076\004\062}{}% 42
\BOOKMARK [0][-]{chapter*.26}{\376\377\004\037\004\100\004\070\004\073\004\076\004\066\004\065\004\075\004\070\004\065\000\040\004\020}{}% 43
